<?xml version="1.0" encoding="UTF-8"?>
<!-- Generated by org.testng.reporters.JUnitXMLReporter -->
<testsuite ignored="1" hostname="BG3NB075" failures="0" tests="3" name="Grouping Execution" time="0.255" errors="0" timestamp="2024-06-13T16:59:59 IST">
  <testcase classname="Group_Execution.Group_Execution" name="ThirdTC" time="0.047"/>
  <testcase classname="Group_Execution.Group_Execution" name="SecondTC" time="0.007"/>
  <testcase classname="Group_Execution.Group_Execution" name="FirstTC" time="0.006"/>
  <testcase classname="Group_Execution.Group_Execution" name="FourthTC" time="0.0">
    <ignored/>
  </testcase> <!-- FourthTC -->
</testsuite> <!-- Grouping Execution -->
