<?xml version="1.0" encoding="UTF-8"?>
<!-- Generated by org.testng.reporters.JUnitXMLReporter -->
<testsuite ignored="0" hostname="BG3NB075" failures="1" tests="1" name="Test" time="12.857" errors="0" timestamp="2024-06-25T17:22:59 IST">
  <testcase classname="Failed_TC_ScreenCapture.ScreenCapture" name="formDemo" time="5.498">
    <failure type="java.lang.AssertionError" message="The message displayed is not as expected. expected [India00] but found [India]">
      <![CDATA[java.lang.AssertionError: The message displayed is not as expected. expected [India00] but found [India]
at Failed_TC_ScreenCapture.ScreenCapture.formDemo(ScreenCapture.java:55)
at java.base/java.util.ArrayList.forEach(ArrayList.java:1596)
... Removed 30 stack frames]]>
    </failure>
  </testcase> <!-- formDemo -->
</testsuite> <!-- Test -->
