<?xml version="1.0" encoding="UTF-8"?>
<!-- Generated by org.testng.reporters.JUnitXMLReporter -->
<testsuite ignored="2" hostname="BG3NB075" failures="0" tests="3" name="Test" time="0.218" errors="0" timestamp="2024-06-14T15:26:28 IST">
  <testcase classname="Annotation_Suite.FirstClassSuite" name="LoginTest" time="0.027"/>
  <testcase classname="Annotation_Suite.SecondClassSuite" name="LoginTest" time="0.01"/>
  <testcase classname="Annotation_Suite.SecondClassSuite" name="LoginTest1" time="0.018"/>
  <testcase classname="Annotation_Suite.FirstClassSuite" name="@AfterSuite After_Test" time="0.0">
    <ignored/>
  </testcase> <!-- @AfterSuite After_Test -->
  <testcase classname="Annotation_Suite.FirstClassSuite" name="@BeforeSuite Before_Test" time="0.0">
    <ignored/>
  </testcase> <!-- @BeforeSuite Before_Test -->
</testsuite> <!-- Test -->
