<?xml version="1.0" encoding="UTF-8"?>
<testng-results ignored="0" total="2" passed="2" failed="0" skipped="0">
  <reporter-output>
  </reporter-output>
  <suite started-at="2024-06-13T17:35:33 IST" name="Suite" finished-at="2024-06-13T17:35:34 IST" duration-ms="705">
    <groups>
      <group name="regression">
        <method signature="Parallel_classFile.FirstTC()[pri:4, instance:Parallel_Execution.Parallel_classFile@61df66b6]" name="FirstTC" class="Parallel_Execution.Parallel_classFile"/>
        <method signature="Parallel_classFile.SecondTC()[pri:3, instance:Parallel_Execution.Parallel_classFile@61df66b6]" name="SecondTC" class="Parallel_Execution.Parallel_classFile"/>
      </group> <!-- regression -->
    </groups>
    <test started-at="2024-06-13T17:35:33 IST" name="Test" finished-at="2024-06-13T17:35:34 IST" duration-ms="705">
      <class name="Parallel_Execution.Parallel_classFile">
        <test-method signature="FirstTC()[pri:4, instance:Parallel_Execution.Parallel_classFile@61df66b6]" started-at="2024-06-13T17:35:34 IST" name="FirstTC" finished-at="2024-06-13T17:35:34 IST" duration-ms="123" status="PASS">
          <reporter-output>
          </reporter-output>
        </test-method> <!-- FirstTC -->
        <test-method signature="SecondTC()[pri:3, instance:Parallel_Execution.Parallel_classFile@61df66b6]" started-at="2024-06-13T17:35:34 IST" name="SecondTC" finished-at="2024-06-13T17:35:34 IST" duration-ms="123" status="PASS">
          <reporter-output>
          </reporter-output>
        </test-method> <!-- SecondTC -->
      </class> <!-- Parallel_Execution.Parallel_classFile -->
    </test> <!-- Test -->
  </suite> <!-- Suite -->
</testng-results>
